#
# There is insufficient memory for the Java Runtime Environment to continue.
# Native memory allocation (mmap) failed to map 34359738368 bytes for committing reserved memory.
# Possible reasons:
#   The system is out of physical RAM or swap space
# Possible solutions:
#   Reduce memory load on the system
#   Increase physical memory or swap space
#   Check if swap backing store is full
#   Decrease Java heap size (-Xmx/-Xms)
#   Decrease number of Java threads
#   Decrease Java thread stack sizes (-Xss)
#   Set larger code cache with -XX:ReservedCodeCacheSize=
# This output file may be truncated or incomplete.
#
#  Out of Memory Error (os_linux.cpp:2985), pid=11019, tid=11020
#
# JRE version:  (11.0.11+9) (build )
# Java VM: OpenJDK 64-Bit Server VM (11.0.11+9-Ubuntu-0ubuntu2.18.04, mixed mode, tiered, g1 gc, linux-amd64)
# Core dump will be written. Default location: Core dumps may be processed with "/usr/share/apport/apport %p %s %c %d %P %E" (or dumping to /home/tamsi/tiralabra/tiralabra/core.11019)
#

---------------  S U M M A R Y ------------

Command Line: -Xmx32g -Xms32g tiralabra.jar

Host: Intel(R) Core(TM) i5-8265U CPU @ 1.60GHz, 8 cores, 15G, Ubuntu 18.04.5 LTS
Time: Sun May 16 21:54:09 2021 EEST elapsed time: 0.020190 seconds (0d 0h 0m 0s)

---------------  T H R E A D  ---------------

Current thread (0x00007f5e98017000):  JavaThread "Unknown thread" [_thread_in_vm, id=11020, stack(0x00007f5ea08cf000,0x00007f5ea09d0000)]

Stack: [0x00007f5ea08cf000,0x00007f5ea09d0000],  sp=0x00007f5ea09ce240,  free space=1020k
Native frames: (J=compiled Java code, A=aot compiled Java code, j=interpreted, Vv=VM code, C=native code)
V  [libjvm.so+0xe1c39a]
V  [libjvm.so+0xe1d04b]
V  [libjvm.so+0x649755]
V  [libjvm.so+0xb76a88]
V  [libjvm.so+0xb6cf2d]
V  [libjvm.so+0x76107f]
V  [libjvm.so+0x76142e]
V  [libjvm.so+0x76aac6]
V  [libjvm.so+0x7e31c4]
V  [libjvm.so+0x7e3dd0]
V  [libjvm.so+0x7e41e7]
V  [libjvm.so+0x71ed30]
V  [libjvm.so+0x71f431]
V  [libjvm.so+0xddf832]
V  [libjvm.so+0xddfaf6]
V  [libjvm.so+0x802fe7]
V  [libjvm.so+0xdb940a]
V  [libjvm.so+0x8a9661]  JNI_CreateJavaVM+0x51
C  [libjli.so+0x3a88]
C  [libjli.so+0x87ed]


---------------  P R O C E S S  ---------------

Threads class SMR info:
_java_thread_list=0x000055bec688b0c0, length=0, elements={
}

Java Threads: ( => current thread )

Other Threads:
  0x00007f5e9802f800 GCTaskThread "GC Thread#0" [stack: 0x00007f5e9c6db000,0x00007f5e9c7db000] [id=11021]
  0x00007f5e98058800 ConcurrentGCThread "G1 Main Marker" [stack: 0x00007f5e80475000,0x00007f5e80575000] [id=11022]
  0x00007f5e9805a800 ConcurrentGCThread "G1 Conc#0" [stack: 0x00007f5e80373000,0x00007f5e80473000] [id=11023]

[error occurred during error reporting (printing all threads), id 0xb, SIGSEGV (0xb) at pc=0x00007f5e9ecba680]

VM state:not at safepoint (not fully initialized)

VM Mutex/Monitor currently owned by a thread:  ([mutex/lock_event])
[0x00007f5e98013700] Heap_lock - owner thread: 0x00007f5e98017000

GC Heap History (0 events):
No events

Deoptimization events (0 events):
No events

Classes redefined (0 events):
No events

Internal exceptions (0 events):
No events

Events (2 events):
Event: 0.001 Protecting memory [0x00007f5ea08cf000,0x00007f5ea08d3000] with protection modes 0
Event: 0.001 Loaded shared library /usr/lib/jvm/java-11-openjdk-amd64/lib/libzip.so


Dynamic libraries:
55bec651c000-55bec651d000 r-xp 00000000 fd:02 917650                     /usr/lib/jvm/java-11-openjdk-amd64/bin/java
55bec671d000-55bec671e000 r--p 00001000 fd:02 917650                     /usr/lib/jvm/java-11-openjdk-amd64/bin/java
55bec671e000-55bec671f000 rw-p 00002000 fd:02 917650                     /usr/lib/jvm/java-11-openjdk-amd64/bin/java
55bec6873000-55bec6894000 rw-p 00000000 00:00 0                          [heap]
7f5625afb000-7f5628000000 rw-p 00000000 00:00 0 
7f5628000000-7f5628021000 rw-p 00000000 00:00 0 
7f5628021000-7f562c000000 ---p 00000000 00:00 0 
7f562c000000-7f562c021000 rw-p 00000000 00:00 0 
7f562c021000-7f567c000000 ---p 00000000 00:00 0 
7f5e7c000000-7f5e7c021000 rw-p 00000000 00:00 0 
7f5e7c021000-7f5e80000000 ---p 00000000 00:00 0 
7f5e8006e000-7f5e80371000 rw-p 00000000 00:00 0 
7f5e80371000-7f5e80372000 ---p 00000000 00:00 0 
7f5e80372000-7f5e80473000 rw-p 00000000 00:00 0 
7f5e80473000-7f5e80474000 ---p 00000000 00:00 0 
7f5e80474000-7f5e80878000 rw-p 00000000 00:00 0 
7f5e80878000-7f5e80ae8000 rwxp 00000000 00:00 0 
7f5e80ae8000-7f5e80e09000 ---p 00000000 00:00 0 
7f5e80e09000-7f5e81079000 rwxp 00000000 00:00 0 
7f5e81079000-7f5e88340000 ---p 00000000 00:00 0 
7f5e88340000-7f5e885b0000 rwxp 00000000 00:00 0 
7f5e885b0000-7f5e8f878000 ---p 00000000 00:00 0 
7f5e8f878000-7f5e98000000 r--s 00000000 fd:02 935883                     /usr/lib/jvm/java-11-openjdk-amd64/lib/modules
7f5e98000000-7f5e98086000 rw-p 00000000 00:00 0 
7f5e98086000-7f5e9c000000 ---p 00000000 00:00 0 
7f5e9c0d3000-7f5e9c6d9000 rw-p 00000000 00:00 0 
7f5e9c6d9000-7f5e9c6da000 ---p 00000000 00:00 0 
7f5e9c6da000-7f5e9c7e0000 rw-p 00000000 00:00 0 
7f5e9c7e0000-7f5e9c8c6000 ---p 00000000 00:00 0 
7f5e9c8c6000-7f5e9c8cb000 rw-p 00000000 00:00 0 
7f5e9c8cb000-7f5e9c9b1000 ---p 00000000 00:00 0 
7f5e9c9b1000-7f5e9c9b8000 r-xp 00000000 fd:02 935882                     /usr/lib/jvm/java-11-openjdk-amd64/lib/libzip.so
7f5e9c9b8000-7f5e9cbb7000 ---p 00007000 fd:02 935882                     /usr/lib/jvm/java-11-openjdk-amd64/lib/libzip.so
7f5e9cbb7000-7f5e9cbb8000 r--p 00006000 fd:02 935882                     /usr/lib/jvm/java-11-openjdk-amd64/lib/libzip.so
7f5e9cbb8000-7f5e9cbb9000 rw-p 00007000 fd:02 935882                     /usr/lib/jvm/java-11-openjdk-amd64/lib/libzip.so
7f5e9cbb9000-7f5e9cbc4000 r-xp 00000000 fd:02 4194622                    /lib/x86_64-linux-gnu/libnss_files-2.27.so
7f5e9cbc4000-7f5e9cdc3000 ---p 0000b000 fd:02 4194622                    /lib/x86_64-linux-gnu/libnss_files-2.27.so
7f5e9cdc3000-7f5e9cdc4000 r--p 0000a000 fd:02 4194622                    /lib/x86_64-linux-gnu/libnss_files-2.27.so
7f5e9cdc4000-7f5e9cdc5000 rw-p 0000b000 fd:02 4194622                    /lib/x86_64-linux-gnu/libnss_files-2.27.so
7f5e9cdc5000-7f5e9cdcb000 rw-p 00000000 00:00 0 
7f5e9cdcb000-7f5e9cde2000 r-xp 00000000 fd:02 4194619                    /lib/x86_64-linux-gnu/libnsl-2.27.so
7f5e9cde2000-7f5e9cfe1000 ---p 00017000 fd:02 4194619                    /lib/x86_64-linux-gnu/libnsl-2.27.so
7f5e9cfe1000-7f5e9cfe2000 r--p 00016000 fd:02 4194619                    /lib/x86_64-linux-gnu/libnsl-2.27.so
7f5e9cfe2000-7f5e9cfe3000 rw-p 00017000 fd:02 4194619                    /lib/x86_64-linux-gnu/libnsl-2.27.so
7f5e9cfe3000-7f5e9cfe5000 rw-p 00000000 00:00 0 
7f5e9cfe5000-7f5e9cff0000 r-xp 00000000 fd:02 4194624                    /lib/x86_64-linux-gnu/libnss_nis-2.27.so
7f5e9cff0000-7f5e9d1ef000 ---p 0000b000 fd:02 4194624                    /lib/x86_64-linux-gnu/libnss_nis-2.27.so
7f5e9d1ef000-7f5e9d1f0000 r--p 0000a000 fd:02 4194624                    /lib/x86_64-linux-gnu/libnss_nis-2.27.so
7f5e9d1f0000-7f5e9d1f1000 rw-p 0000b000 fd:02 4194624                    /lib/x86_64-linux-gnu/libnss_nis-2.27.so
7f5e9d1f1000-7f5e9d1f9000 r-xp 00000000 fd:02 4194620                    /lib/x86_64-linux-gnu/libnss_compat-2.27.so
7f5e9d1f9000-7f5e9d3f9000 ---p 00008000 fd:02 4194620                    /lib/x86_64-linux-gnu/libnss_compat-2.27.so
7f5e9d3f9000-7f5e9d3fa000 r--p 00008000 fd:02 4194620                    /lib/x86_64-linux-gnu/libnss_compat-2.27.so
7f5e9d3fa000-7f5e9d3fb000 rw-p 00009000 fd:02 4194620                    /lib/x86_64-linux-gnu/libnss_compat-2.27.so
7f5e9d3fb000-7f5e9d400000 r-xp 00000000 fd:02 935865                     /usr/lib/jvm/java-11-openjdk-amd64/lib/libjimage.so
7f5e9d400000-7f5e9d5ff000 ---p 00005000 fd:02 935865                     /usr/lib/jvm/java-11-openjdk-amd64/lib/libjimage.so
7f5e9d5ff000-7f5e9d600000 r--p 00004000 fd:02 935865                     /usr/lib/jvm/java-11-openjdk-amd64/lib/libjimage.so
7f5e9d600000-7f5e9d601000 rw-p 00005000 fd:02 935865                     /usr/lib/jvm/java-11-openjdk-amd64/lib/libjimage.so
7f5e9d601000-7f5e9d629000 r-xp 00000000 fd:02 935862                     /usr/lib/jvm/java-11-openjdk-amd64/lib/libjava.so
7f5e9d629000-7f5e9d829000 ---p 00028000 fd:02 935862                     /usr/lib/jvm/java-11-openjdk-amd64/lib/libjava.so
7f5e9d829000-7f5e9d82a000 r--p 00028000 fd:02 935862                     /usr/lib/jvm/java-11-openjdk-amd64/lib/libjava.so
7f5e9d82a000-7f5e9d82b000 rw-p 00029000 fd:02 935862                     /usr/lib/jvm/java-11-openjdk-amd64/lib/libjava.so
7f5e9d82b000-7f5e9d82c000 rw-p 00000000 00:00 0 
7f5e9d82c000-7f5e9d839000 r-xp 00000000 fd:02 935881                     /usr/lib/jvm/java-11-openjdk-amd64/lib/libverify.so
7f5e9d839000-7f5e9da38000 ---p 0000d000 fd:02 935881                     /usr/lib/jvm/java-11-openjdk-amd64/lib/libverify.so
7f5e9da38000-7f5e9da3a000 r--p 0000c000 fd:02 935881                     /usr/lib/jvm/java-11-openjdk-amd64/lib/libverify.so
7f5e9da3a000-7f5e9da3b000 rw-p 0000e000 fd:02 935881                     /usr/lib/jvm/java-11-openjdk-amd64/lib/libverify.so
7f5e9da3b000-7f5e9da42000 r-xp 00000000 fd:02 4194629                    /lib/x86_64-linux-gnu/librt-2.27.so
7f5e9da42000-7f5e9dc41000 ---p 00007000 fd:02 4194629                    /lib/x86_64-linux-gnu/librt-2.27.so
7f5e9dc41000-7f5e9dc42000 r--p 00006000 fd:02 4194629                    /lib/x86_64-linux-gnu/librt-2.27.so
7f5e9dc42000-7f5e9dc43000 rw-p 00007000 fd:02 4194629                    /lib/x86_64-linux-gnu/librt-2.27.so
7f5e9dc43000-7f5e9dc5a000 r-xp 00000000 fd:02 4200222                    /lib/x86_64-linux-gnu/libgcc_s.so.1
7f5e9dc5a000-7f5e9de59000 ---p 00017000 fd:02 4200222                    /lib/x86_64-linux-gnu/libgcc_s.so.1
7f5e9de59000-7f5e9de5a000 r--p 00016000 fd:02 4200222                    /lib/x86_64-linux-gnu/libgcc_s.so.1
7f5e9de5a000-7f5e9de5b000 rw-p 00017000 fd:02 4200222                    /lib/x86_64-linux-gnu/libgcc_s.so.1
7f5e9de5b000-7f5e9dff8000 r-xp 00000000 fd:02 4194616                    /lib/x86_64-linux-gnu/libm-2.27.so
7f5e9dff8000-7f5e9e1f7000 ---p 0019d000 fd:02 4194616                    /lib/x86_64-linux-gnu/libm-2.27.so
7f5e9e1f7000-7f5e9e1f8000 r--p 0019c000 fd:02 4194616                    /lib/x86_64-linux-gnu/libm-2.27.so
7f5e9e1f8000-7f5e9e1f9000 rw-p 0019d000 fd:02 4194616                    /lib/x86_64-linux-gnu/libm-2.27.so
7f5e9e1f9000-7f5e9e372000 r-xp 00000000 fd:02 1055600                    /usr/lib/x86_64-linux-gnu/libstdc++.so.6.0.25
7f5e9e372000-7f5e9e572000 ---p 00179000 fd:02 1055600                    /usr/lib/x86_64-linux-gnu/libstdc++.so.6.0.25
7f5e9e572000-7f5e9e57c000 r--p 00179000 fd:02 1055600                    /usr/lib/x86_64-linux-gnu/libstdc++.so.6.0.25
7f5e9e57c000-7f5e9e57e000 rw-p 00183000 fd:02 1055600                    /usr/lib/x86_64-linux-gnu/libstdc++.so.6.0.25
7f5e9e57e000-7f5e9e582000 rw-p 00000000 00:00 0 
7f5e9e582000-7f5e9f66a000 r-xp 00000000 fd:02 1060313                    /usr/lib/jvm/java-11-openjdk-amd64/lib/server/libjvm.so
7f5e9f66a000-7f5e9f869000 ---p 010e8000 fd:02 1060313                    /usr/lib/jvm/java-11-openjdk-amd64/lib/server/libjvm.so
7f5e9f869000-7f5e9f92a000 r--p 010e7000 fd:02 1060313                    /usr/lib/jvm/java-11-openjdk-amd64/lib/server/libjvm.so
7f5e9f92a000-7f5e9f965000 rw-p 011a8000 fd:02 1060313                    /usr/lib/jvm/java-11-openjdk-amd64/lib/server/libjvm.so
7f5e9f965000-7f5e9f9bc000 rw-p 00000000 00:00 0 
7f5e9f9bc000-7f5e9f9d8000 r-xp 00000000 fd:02 4198588                    /lib/x86_64-linux-gnu/libz.so.1.2.11
7f5e9f9d8000-7f5e9fbd7000 ---p 0001c000 fd:02 4198588                    /lib/x86_64-linux-gnu/libz.so.1.2.11
7f5e9fbd7000-7f5e9fbd8000 r--p 0001b000 fd:02 4198588                    /lib/x86_64-linux-gnu/libz.so.1.2.11
7f5e9fbd8000-7f5e9fbd9000 rw-p 0001c000 fd:02 4198588                    /lib/x86_64-linux-gnu/libz.so.1.2.11
7f5e9fbd9000-7f5e9fbf3000 r-xp 00000000 fd:02 4194627                    /lib/x86_64-linux-gnu/libpthread-2.27.so
7f5e9fbf3000-7f5e9fdf2000 ---p 0001a000 fd:02 4194627                    /lib/x86_64-linux-gnu/libpthread-2.27.so
7f5e9fdf2000-7f5e9fdf3000 r--p 00019000 fd:02 4194627                    /lib/x86_64-linux-gnu/libpthread-2.27.so
7f5e9fdf3000-7f5e9fdf4000 rw-p 0001a000 fd:02 4194627                    /lib/x86_64-linux-gnu/libpthread-2.27.so
7f5e9fdf4000-7f5e9fdf8000 rw-p 00000000 00:00 0 
7f5e9fdf8000-7f5e9fdfb000 r-xp 00000000 fd:02 4194615                    /lib/x86_64-linux-gnu/libdl-2.27.so
7f5e9fdfb000-7f5e9fffa000 ---p 00003000 fd:02 4194615                    /lib/x86_64-linux-gnu/libdl-2.27.so
7f5e9fffa000-7f5e9fffb000 r--p 00002000 fd:02 4194615                    /lib/x86_64-linux-gnu/libdl-2.27.so
7f5e9fffb000-7f5e9fffc000 rw-p 00003000 fd:02 4194615                    /lib/x86_64-linux-gnu/libdl-2.27.so
7f5e9fffc000-7f5ea01e3000 r-xp 00000000 fd:02 4194612                    /lib/x86_64-linux-gnu/libc-2.27.so
7f5ea01e3000-7f5ea03e3000 ---p 001e7000 fd:02 4194612                    /lib/x86_64-linux-gnu/libc-2.27.so
7f5ea03e3000-7f5ea03e7000 r--p 001e7000 fd:02 4194612                    /lib/x86_64-linux-gnu/libc-2.27.so
7f5ea03e7000-7f5ea03e9000 rw-p 001eb000 fd:02 4194612                    /lib/x86_64-linux-gnu/libc-2.27.so
7f5ea03e9000-7f5ea03ed000 rw-p 00000000 00:00 0 
7f5ea03ed000-7f5ea03fc000 r-xp 00000000 fd:02 1060304                    /usr/lib/jvm/java-11-openjdk-amd64/lib/jli/libjli.so
7f5ea03fc000-7f5ea05fb000 ---p 0000f000 fd:02 1060304                    /usr/lib/jvm/java-11-openjdk-amd64/lib/jli/libjli.so
7f5ea05fb000-7f5ea05fc000 r--p 0000e000 fd:02 1060304                    /usr/lib/jvm/java-11-openjdk-amd64/lib/jli/libjli.so
7f5ea05fc000-7f5ea05fd000 rw-p 0000f000 fd:02 1060304                    /usr/lib/jvm/java-11-openjdk-amd64/lib/jli/libjli.so
7f5ea05fd000-7f5ea0603000 r-xp 00000000 fd:02 1060342                    /usr/lib/x86_64-linux-gnu/libgtk3-nocsd.so.0
7f5ea0603000-7f5ea0802000 ---p 00006000 fd:02 1060342                    /usr/lib/x86_64-linux-gnu/libgtk3-nocsd.so.0
7f5ea0802000-7f5ea0803000 r--p 00005000 fd:02 1060342                    /usr/lib/x86_64-linux-gnu/libgtk3-nocsd.so.0
7f5ea0803000-7f5ea0804000 rw-p 00006000 fd:02 1060342                    /usr/lib/x86_64-linux-gnu/libgtk3-nocsd.so.0
7f5ea0804000-7f5ea082d000 r-xp 00000000 fd:02 4194607                    /lib/x86_64-linux-gnu/ld-2.27.so
7f5ea084a000-7f5ea08cf000 rw-p 00000000 00:00 0 
7f5ea08cf000-7f5ea08d3000 ---p 00000000 00:00 0 
7f5ea08d3000-7f5ea09d7000 rw-p 00000000 00:00 0 
7f5ea0a15000-7f5ea0a1a000 rw-p 00000000 00:00 0 
7f5ea0a1a000-7f5ea0a21000 ---p 00000000 00:00 0 
7f5ea0a21000-7f5ea0a23000 r--s 00007000 fd:02 2533641                    /usr/share/java/java-atk-wrapper.jar
7f5ea0a23000-7f5ea0a2b000 rw-s 00000000 fd:02 2887163                    /tmp/hsperfdata_tamsi/11019
7f5ea0a2b000-7f5ea0a2c000 ---p 00000000 00:00 0 
7f5ea0a2c000-7f5ea0a2d000 r--p 00000000 00:00 0 
7f5ea0a2d000-7f5ea0a2e000 r--p 00029000 fd:02 4194607                    /lib/x86_64-linux-gnu/ld-2.27.so
7f5ea0a2e000-7f5ea0a2f000 rw-p 0002a000 fd:02 4194607                    /lib/x86_64-linux-gnu/ld-2.27.so
7f5ea0a2f000-7f5ea0a30000 rw-p 00000000 00:00 0 
7ffdda458000-7ffdda479000 rw-p 00000000 00:00 0                          [stack]
7ffdda4de000-7ffdda4e1000 r--p 00000000 00:00 0                          [vvar]
7ffdda4e1000-7ffdda4e2000 r-xp 00000000 00:00 0                          [vdso]
ffffffffff600000-ffffffffff601000 --xp 00000000 00:00 0                  [vsyscall]


VM Arguments:
jvm_args: -Xmx32g -Xms32g 
java_command: tiralabra.jar
java_class_path (initial): tiralabra.jar
Launcher Type: SUN_STANDARD

[Global flags]
     intx CICompilerCount                          = 4                                         {product} {ergonomic}
     uint ConcGCThreads                            = 2                                         {product} {ergonomic}
     uint G1ConcRefinementThreads                  = 8                                         {product} {ergonomic}
   size_t G1HeapRegionSize                         = 16777216                                  {product} {ergonomic}
    uintx GCDrainStackTargetSize                   = 64                                        {product} {ergonomic}
   size_t InitialHeapSize                          = 34359738368                               {product} {command line}
   size_t MarkStackSize                            = 4194304                                   {product} {ergonomic}
   size_t MaxHeapSize                              = 34359738368                               {product} {command line}
   size_t MinHeapDeltaBytes                        = 16777216                                  {product} {ergonomic}
    uintx NonNMethodCodeHeapSize                   = 5836300                                {pd product} {ergonomic}
    uintx NonProfiledCodeHeapSize                  = 122910970                              {pd product} {ergonomic}
    uintx ProfiledCodeHeapSize                     = 122910970                              {pd product} {ergonomic}
    uintx ReservedCodeCacheSize                    = 251658240                              {pd product} {ergonomic}
     bool SegmentedCodeCache                       = true                                      {product} {ergonomic}
     bool UseG1GC                                  = true                                      {product} {ergonomic}

Logging:
Log output configuration:
 #0: stdout all=warning uptime,level,tags
 #1: stderr all=off uptime,level,tags

Environment Variables:
PATH=/home/tamsi/.sdkman/candidates/gradle/current/bin:/home/tamsi/.local/bin:/usr/local/sbin:/usr/local/bin:/usr/sbin:/usr/bin:/sbin:/bin:/usr/games:/usr/local/games:/snap/bin
LD_PRELOAD=libgtk3-nocsd.so.0
SHELL=/bin/bash
DISPLAY=:0
LANG=en_GB.utf8

Signal Handlers:
SIGSEGV: [libjvm.so+0xe1d0a0], sa_mask[0]=11111111011111111101111111111110, sa_flags=SA_RESTART|SA_SIGINFO
SIGBUS: [libjvm.so+0xe1d0a0], sa_mask[0]=11111111011111111101111111111110, sa_flags=SA_RESTART|SA_SIGINFO
SIGFPE: [libjvm.so+0xe1d0a0], sa_mask[0]=11111111011111111101111111111110, sa_flags=SA_RESTART|SA_SIGINFO
SIGPIPE: [libjvm.so+0xb717f0], sa_mask[0]=11111111011111111101111111111110, sa_flags=SA_RESTART|SA_SIGINFO
SIGXFSZ: [libjvm.so+0xb717f0], sa_mask[0]=11111111011111111101111111111110, sa_flags=SA_RESTART|SA_SIGINFO
SIGILL: [libjvm.so+0xe1d0a0], sa_mask[0]=11111111011111111101111111111110, sa_flags=SA_RESTART|SA_SIGINFO
SIGUSR2: [libjvm.so+0xb71680], sa_mask[0]=00000000000000000000000000000000, sa_flags=SA_RESTART|SA_SIGINFO
SIGHUP: SIG_DFL, sa_mask[0]=00000000000000000000000000000000, sa_flags=none
SIGINT: SIG_DFL, sa_mask[0]=00000000000000000000000000000000, sa_flags=none
SIGTERM: SIG_DFL, sa_mask[0]=00000000000000000000000000000000, sa_flags=none
SIGQUIT: SIG_DFL, sa_mask[0]=00000000000000000000000000000000, sa_flags=none


---------------  S Y S T E M  ---------------

OS:DISTRIB_ID=Ubuntu
DISTRIB_RELEASE=18.04
DISTRIB_CODENAME=bionic
DISTRIB_DESCRIPTION="Ubuntu 18.04.5 LTS"
uname:Linux 5.4.0-73-generic #82~18.04.1-Ubuntu SMP Fri Apr 16 15:10:02 UTC 2021 x86_64
OS uptime: 0 days 20:49 hours
libc:glibc 2.27 NPTL 2.27 
rlimit (soft/hard): STACK 8192k/infinity , CORE 0k/infinity , NPROC 62378/62378 , NOFILE 4096/4096 , AS infinity/infinity , CPU infinity/infinity , DATA infinity/infinity , FSIZE infinity/infinity , MEMLOCK 65536k/65536k
load average:0.95 1.00 1.16

/proc/meminfo:
MemTotal:       16045224 kB
MemFree:         8740404 kB
MemAvailable:   11137628 kB
Buffers:          239604 kB
Cached:          2826628 kB
SwapCached:           68 kB
Active:          4673884 kB
Inactive:        2065156 kB
Active(anon):    3088504 kB
Inactive(anon):  1115744 kB
Active(file):    1585380 kB
Inactive(file):   949412 kB
Unevictable:       68492 kB
Mlocked:              48 kB
SwapTotal:      16576508 kB
SwapFree:       16574972 kB
Dirty:              8112 kB
Writeback:             0 kB
AnonPages:       3741276 kB
Mapped:           758976 kB
Shmem:            531440 kB
KReclaimable:     204520 kB
Slab:             325304 kB
SReclaimable:     204520 kB
SUnreclaim:       120784 kB
KernelStack:       18752 kB
PageTables:        70572 kB
NFS_Unstable:          0 kB
Bounce:                0 kB
WritebackTmp:          0 kB
CommitLimit:    24599120 kB
Committed_AS:    9978348 kB
VmallocTotal:   34359738367 kB
VmallocUsed:       44396 kB
VmallocChunk:          0 kB
Percpu:             3744 kB
HardwareCorrupted:     0 kB
AnonHugePages:         0 kB
ShmemHugePages:        0 kB
ShmemPmdMapped:        0 kB
FileHugePages:         0 kB
FilePmdMapped:         0 kB
CmaTotal:              0 kB
CmaFree:               0 kB
HugePages_Total:       0
HugePages_Free:        0
HugePages_Rsvd:        0
HugePages_Surp:        0
Hugepagesize:       2048 kB
Hugetlb:               0 kB
DirectMap4k:      443220 kB
DirectMap2M:    13883392 kB
DirectMap1G:     2097152 kB

/sys/kernel/mm/transparent_hugepage/enabled:
always [madvise] never
/sys/kernel/mm/transparent_hugepage/defrag (defrag/compaction efforts parameter):
always defer defer+madvise [madvise] never

Process Memory:
Virtual Size: 2013064K (peak: 35567496K)
Resident Set Size: 15556K (peak: 15556K) (anon: 2996K, file: 12560K, shmem: 0K)
Swapped out: 0K
C-Heap outstanding allocations: 640K

/proc/sys/kernel/threads-max (system-wide limit on the number of threads):
124756
/proc/sys/vm/max_map_count (maximum number of memory map areas a process may have):
65530
/proc/sys/kernel/pid_max (system-wide limit on number of process identifiers):
32768

container (cgroup) information:
container_type: cgroupv1
cpu_cpuset_cpus: 0-7
cpu_memory_nodes: 0
active_processor_count: 8
cpu_quota: -1
cpu_period: 100000
cpu_shares: -1
memory_limit_in_bytes: -1
memory_and_swap_limit_in_bytes: -2
memory_soft_limit_in_bytes: -1
memory_usage_in_bytes: 6971424768
memory_max_usage_in_bytes: 0

Steal ticks since vm start: 0
Steal ticks percentage since vm start:  0.000

CPU:total 8 (initial active 8) (4 cores per cpu, 2 threads per core) family 6 model 142 stepping 12 microcode 0xde, cmov, cx8, fxsr, mmx, sse, sse2, sse3, ssse3, sse4.1, sse4.2, popcnt, avx, avx2, aes, clmul, erms, 3dnowpref, lzcnt, ht, tsc, tscinvbit, bmi1, bmi2, adx, fma
CPU Model and flags from /proc/cpuinfo:
model name	: Intel(R) Core(TM) i5-8265U CPU @ 1.60GHz
flags		: fpu vme de pse tsc msr pae mce cx8 apic sep mtrr pge mca cmov pat pse36 clflush dts acpi mmx fxsr sse sse2 ss ht tm pbe syscall nx pdpe1gb rdtscp lm constant_tsc art arch_perfmon pebs bts rep_good nopl xtopology nonstop_tsc cpuid aperfmperf pni pclmulqdq dtes64 monitor ds_cpl vmx est tm2 ssse3 sdbg fma cx16 xtpr pdcm pcid sse4_1 sse4_2 x2apic movbe popcnt tsc_deadline_timer aes xsave avx f16c rdrand lahf_lm abm 3dnowprefetch cpuid_fault epb invpcid_single ssbd ibrs ibpb stibp ibrs_enhanced tpr_shadow vnmi flexpriority ept vpid ept_ad fsgsbase tsc_adjust bmi1 avx2 smep bmi2 erms invpcid mpx rdseed adx smap clflushopt intel_pt xsaveopt xsavec xgetbv1 xsaves dtherm ida arat pln pts hwp hwp_notify hwp_act_window hwp_epp md_clear flush_l1d arch_capabilities
Online cpus:
0-7
Offline cpus:

BIOS frequency limitation:
<Not Available>
Frequency switch latency (ns):
0
Available cpu frequencies:
<Not Available>
Current governor:
powersave
Core performance/turbo boost:
<Not Available>

Memory: 4k page, physical 16045224k(8740404k free), swap 16576508k(16574972k free)

vm_info: OpenJDK 64-Bit Server VM (11.0.11+9-Ubuntu-0ubuntu2.18.04) for linux-amd64 JRE (11.0.11+9-Ubuntu-0ubuntu2.18.04), built on Apr 21 2021 09:15:32 by "unknown" with gcc 8.4.0

END.
